TN:
SF:/Users/kathy/Documents/program/front-language/src/i18n.js
FN:4,i18n
FN:34,(anonymous_10)
FNF:2
FNH:2
FNDA:12,i18n
FNDA:15,(anonymous_10)
DA:1,1
DA:4,12
DA:5,12
DA:9,24
DA:11,24
DA:12,2
DA:13,2
DA:14,2
DA:15,5
DA:16,3
DA:18,2
DA:19,2
DA:23,22
DA:25,23
DA:28,23
DA:29,23
DA:30,2
DA:31,2
DA:33,21
DA:34,20
DA:35,15
DA:39,5
DA:40,10
DA:44,4
DA:46,6
DA:47,6
DA:48,6
DA:52,1
LF:28
LH:28
BRDA:9,0,0,24
BRDA:9,0,1,17
BRDA:11,1,0,2
BRDA:11,1,1,22
BRDA:15,2,0,3
BRDA:15,2,1,2
BRDA:15,3,0,5
BRDA:15,3,1,5
BRDA:28,4,0,23
BRDA:28,4,1,0
BRDA:28,5,0,23
BRDA:28,5,1,23
BRDA:29,6,0,2
BRDA:29,6,1,21
BRDA:29,7,0,23
BRDA:29,7,1,3
BRDA:30,8,0,2
BRDA:30,8,1,0
BRDA:33,9,0,20
BRDA:33,9,1,1
BRDA:35,10,0,5
BRDA:35,10,1,10
BRDA:36,11,0,15
BRDA:36,11,1,13
BRDA:40,12,0,4
BRDA:40,12,1,6
BRDA:41,13,0,10
BRDA:41,13,1,4
BRDA:46,14,0,6
BRDA:46,14,1,0
BRDA:47,15,0,0
BRDA:47,15,1,6
BRF:32
BRH:28
end_of_record
TN:
SF:/Users/kathy/Documents/program/front-language/src/index.js
FN:29,Switcher
FN:55,(anonymous_9)
FN:60,resolve
FN:111,(anonymous_15)
FN:131,(anonymous_17)
FN:151,(anonymous_19)
FNF:6
FNH:6
FNDA:3,Switcher
FNDA:3,(anonymous_9)
FNDA:3,resolve
FNDA:1,(anonymous_15)
FNDA:3,(anonymous_17)
FNDA:3,(anonymous_19)
DA:1,1
DA:2,1
DA:3,1
DA:29,3
DA:31,3
DA:32,3
DA:34,3
DA:35,3
DA:37,3
DA:38,3
DA:39,2
DA:44,1
DA:48,3
DA:49,3
DA:50,3
DA:51,3
DA:53,3
DA:55,3
DA:56,3
DA:59,3
DA:60,3
DA:61,3
DA:62,3
DA:63,3
DA:64,3
DA:67,3
DA:68,3
DA:69,2
DA:74,1
DA:82,4
DA:97,3
DA:98,1
DA:101,2
DA:111,3
DA:112,3
DA:113,2
DA:114,1
DA:116,1
DA:117,1
DA:127,8
DA:128,8
DA:129,6
DA:130,2
DA:131,3
DA:133,1
DA:145,14
DA:146,7
DA:147,7
DA:148,5
DA:149,3
DA:150,2
DA:151,3
DA:153,1
LF:53
LH:53
BRDA:31,0,0,3
BRDA:31,0,1,1
BRDA:32,1,0,3
BRDA:32,1,1,3
BRDA:37,2,0,3
BRDA:37,2,1,0
BRDA:38,3,0,2
BRDA:38,3,1,1
BRDA:62,4,0,3
BRDA:62,4,1,3
BRDA:68,5,0,2
BRDA:68,5,1,1
BRDA:82,6,0,4
BRDA:82,6,1,1
BRDA:82,6,2,0
BRDA:97,7,0,1
BRDA:97,7,1,2
BRDA:98,8,0,1
BRDA:98,8,1,0
BRDA:111,9,0,0
BRDA:111,9,1,3
BRDA:111,10,0,3
BRDA:111,10,1,0
BRDA:112,11,0,2
BRDA:112,11,1,1
BRDA:113,12,0,1
BRDA:113,12,1,1
BRDA:117,13,0,1
BRDA:117,13,1,0
BRDA:128,14,0,6
BRDA:128,14,1,2
BRDA:130,15,0,1
BRDA:130,15,1,1
BRDA:133,16,0,0
BRDA:133,16,1,1
BRDA:147,17,0,2
BRDA:147,17,1,5
BRDA:148,18,0,3
BRDA:148,18,1,2
BRDA:148,19,0,5
BRDA:148,19,1,5
BRDA:150,20,0,1
BRDA:150,20,1,1
BRDA:153,21,0,1
BRDA:153,21,1,0
BRF:45
BRH:37
end_of_record
TN:
SF:/Users/kathy/Documents/program/front-language/src/store.js
FN:1,get
FN:1,set
FN:24,get
FN:24,set
FN:43,getItem
FN:47,setItem
FNF:6
FNH:6
FNDA:7,get
FNDA:7,set
FNDA:5,get
FNDA:5,set
FNDA:7,getItem
FNDA:7,setItem
DA:1,1
DA:3,7
DA:4,5
DA:5,5
DA:6,5
DA:8,1
DA:14,7
DA:15,5
DA:16,5
DA:17,2
DA:19,3
DA:24,1
DA:26,5
DA:27,3
DA:28,3
DA:29,3
DA:33,5
DA:34,3
DA:35,3
DA:36,1
DA:38,2
DA:43,1
DA:44,7
DA:47,1
DA:48,7
LF:25
LH:25
BRDA:3,0,0,2
BRDA:3,0,1,5
BRDA:4,1,0,5
BRDA:4,1,1,0
BRDA:14,2,0,2
BRDA:14,2,1,5
BRDA:26,3,0,2
BRDA:26,3,1,3
BRDA:29,4,0,1
BRDA:29,4,1,2
BRDA:33,5,0,2
BRDA:33,5,1,3
BRDA:44,6,0,7
BRDA:44,6,1,5
BRDA:48,7,0,7
BRDA:48,7,1,5
BRF:16
BRH:15
end_of_record
TN:
SF:/Users/kathy/Documents/program/front-language/src/utils.js
FN:1,getUALang
FN:5,isArray
FN:9,objectAssign
FNF:3
FNH:3
FNDA:6,getUALang
FNDA:6,isArray
FNDA:6,objectAssign
DA:2,6
DA:6,6
DA:10,6
DA:11,10
DA:12,25
DA:15,6
LF:6
LH:6
BRDA:2,0,0,6
BRDA:2,0,1,6
BRDA:12,1,0,24
BRDA:12,1,1,1
BRF:4
BRH:4
end_of_record
